e:\qingchunxu\code\vs\44\device\debug\device.pch
e:\qingchunxu\code\vs\44\device\debug\vc120.pdb
e:\qingchunxu\code\vs\44\device\debug\vc120.idb
e:\qingchunxu\code\vs\44\device\debug\ax327x.obj
e:\qingchunxu\code\vs\44\device\debug\stdafx.obj
e:\qingchunxu\code\vs\44\device\debug\export.obj
e:\qingchunxu\code\vs\44\device\debug\dllmain.obj
e:\qingchunxu\code\vs\44\device\debug\usbfunction.obj
e:\qingchunxu\code\vs\44\device\debug\spidriver.obj
e:\qingchunxu\code\vs\44\device\debug\scsiacc.obj
e:\qingchunxu\code\vs\44\device\debug\test.obj
e:\qingchunxu\code\vs\44\device\debug\devicemanager.obj
e:\qingchunxu\code\vs\44\device\debug\ax32xxdevice.obj
e:\qingchunxu\code\vs\44\device\debug\pof.obj
e:\qingchunxu\code\vs\44\device\debug\omfy.obj
e:\qingchunxu\code\vs\44\device\debug\elf.obj
e:\qingchunxu\code\vs\44\device\debug\usbdevicemonitor.obj
e:\qingchunxu\code\vs\44\debug\device.lib
e:\qingchunxu\code\vs\44\debug\device.exp
e:\qingchunxu\code\vs\44\debug\device.ilk
e:\qingchunxu\code\vs\44\debug\device.dll
e:\qingchunxu\code\vs\44\debug\device.pdb
e:\qingchunxu\code\vs\44\device\debug\device.tlog\cl.command.1.tlog
e:\qingchunxu\code\vs\44\device\debug\device.tlog\cl.read.1.tlog
e:\qingchunxu\code\vs\44\device\debug\device.tlog\cl.write.1.tlog
e:\qingchunxu\code\vs\44\device\debug\device.tlog\device.write.1u.tlog
e:\qingchunxu\code\vs\44\device\debug\device.tlog\link.command.1.tlog
e:\qingchunxu\code\vs\44\device\debug\device.tlog\link.read.1.tlog
e:\qingchunxu\code\vs\44\device\debug\device.tlog\link.write.1.tlog
